{
  "RSpec": {
    "coverage": {
      "/srv/code/src/rubocop-lts/rubocop-lts/lib/rubocop/lts.rb": {
        "lines": [
          null,
          null,
          null,
          1,
          1,
          null,
          1,
          null,
          1,
          1,
          1,
          null,
          1,
          1,
          null,
          null,
          null,
          null,
          1,
          1,
          null
        ],
        "branches": {}
      },
      "/srv/code/src/rubocop-lts/rubocop-lts/lib/rubocop/lts/version.rb": {
        "lines": [
          null,
          null,
          1,
          1,
          1,
          1,
          null,
          null,
          null
        ],
        "branches": {}
      }
    },
    "timestamp": 1778558578
  }
}
